1759435260.238776 client started (16591): version 3.5a, socket /tmp/tmux-10000/default, protocol 8
1759435260.238900 on Linux 6.16.8-arch3-1 #1 SMP PREEMPT_DYNAMIC Mon, 22 Sep 2025 22:08:35 +0000
1759435260.238954 using libevent 2.1.12-stable poll
1759435260.238973 using ncurses 6.5 20240427
1759435260.239050 flags are 0x18010000
1759435260.239107 socket is /tmp/tmux-10000/default
1759435260.239158 trying connect
1759435260.239246 connect failed: No such file or directory
1759435260.239278 lock file is /tmp/tmux-10000/default.lock
1759435260.239343 flock succeeded
1759435260.239358 got lock (6)
1759435260.239380 trying connect
1759435260.239417 connect failed: No such file or directory
1759435260.240329 add peer 0x558becf588c0: 7 ((nil))
1759435260.242077 sending message 111 to peer 0x558becf588c0 (8 bytes)
1759435260.242118 sending message 111 to peer 0x558becf588c0 (8 bytes)
1759435260.242137 sending message 101 to peer 0x558becf588c0 (12 bytes)
1759435260.242152 sending message 109 to peer 0x558becf588c0 (4 bytes)
1759435260.242168 sending message 102 to peer 0x558becf588c0 (11 bytes)
1759435260.242182 sending message 108 to peer 0x558becf588c0 (20 bytes)
1759435260.242198 sending message 112 to peer 0x558becf588c0 (70 bytes)
1759435260.242213 sending message 112 to peer 0x558becf588c0 (5 bytes)
1759435260.242229 sending message 112 to peer 0x558becf588c0 (6 bytes)
1759435260.242244 sending message 112 to peer 0x558becf588c0 (6 bytes)
1759435260.242258 sending message 112 to peer 0x558becf588c0 (10 bytes)
1759435260.242272 sending message 112 to peer 0x558becf588c0 (13 bytes)
1759435260.242287 sending message 112 to peer 0x558becf588c0 (14 bytes)
1759435260.242301 sending message 112 to peer 0x558becf588c0 (19 bytes)
1759435260.242318 sending message 112 to peer 0x558becf588c0 (11 bytes)
1759435260.242333 sending message 112 to peer 0x558becf588c0 (10 bytes)
1759435260.242347 sending message 112 to peer 0x558becf588c0 (15 bytes)
1759435260.242360 sending message 112 to peer 0x558becf588c0 (21 bytes)
1759435260.242371 sending message 112 to peer 0x558becf588c0 (13 bytes)
1759435260.242383 sending message 112 to peer 0x558becf588c0 (7 bytes)
1759435260.242395 sending message 112 to peer 0x558becf588c0 (13 bytes)
1759435260.242406 sending message 112 to peer 0x558becf588c0 (7 bytes)
1759435260.242419 sending message 112 to peer 0x558becf588c0 (13 bytes)
1759435260.242431 sending message 112 to peer 0x558becf588c0 (9 bytes)
1759435260.242443 sending message 112 to peer 0x558becf588c0 (21 bytes)
1759435260.242455 sending message 112 to peer 0x558becf588c0 (13 bytes)
1759435260.242467 sending message 112 to peer 0x558becf588c0 (9 bytes)
1759435260.242478 sending message 112 to peer 0x558becf588c0 (16 bytes)
1759435260.242490 sending message 112 to peer 0x558becf588c0 (13 bytes)
1759435260.242502 sending message 112 to peer 0x558becf588c0 (9 bytes)
1759435260.242514 sending message 112 to peer 0x558becf588c0 (9 bytes)
1759435260.242526 sending message 112 to peer 0x558becf588c0 (12 bytes)
1759435260.242549 sending message 112 to peer 0x558becf588c0 (8 bytes)
1759435260.242561 sending message 112 to peer 0x558becf588c0 (13 bytes)
1759435260.242573 sending message 112 to peer 0x558becf588c0 (7 bytes)
1759435260.242584 sending message 112 to peer 0x558becf588c0 (7 bytes)
1759435260.242596 sending message 112 to peer 0x558becf588c0 (9 bytes)
1759435260.242608 sending message 112 to peer 0x558becf588c0 (6 bytes)
1759435260.242621 sending message 112 to peer 0x558becf588c0 (9 bytes)
1759435260.242633 sending message 112 to peer 0x558becf588c0 (15 bytes)
1759435260.242646 sending message 112 to peer 0x558becf588c0 (13 bytes)
1759435260.242658 sending message 112 to peer 0x558becf588c0 (12 bytes)
1759435260.242669 sending message 112 to peer 0x558becf588c0 (8 bytes)
1759435260.242681 sending message 112 to peer 0x558becf588c0 (14 bytes)
1759435260.242693 sending message 112 to peer 0x558becf588c0 (9 bytes)
1759435260.242705 sending message 112 to peer 0x558becf588c0 (10 bytes)
1759435260.242717 sending message 112 to peer 0x558becf588c0 (10 bytes)
1759435260.242754 sending message 112 to peer 0x558becf588c0 (10 bytes)
1759435260.242791 sending message 112 to peer 0x558becf588c0 (10 bytes)
1759435260.242805 sending message 112 to peer 0x558becf588c0 (11 bytes)
1759435260.242818 sending message 112 to peer 0x558becf588c0 (12 bytes)
1759435260.242830 sending message 112 to peer 0x558becf588c0 (12 bytes)
1759435260.242841 sending message 112 to peer 0x558becf588c0 (12 bytes)
1759435260.242853 sending message 112 to peer 0x558becf588c0 (12 bytes)
1759435260.242864 sending message 112 to peer 0x558becf588c0 (12 bytes)
1759435260.242875 sending message 112 to peer 0x558becf588c0 (11 bytes)
1759435260.242887 sending message 112 to peer 0x558becf588c0 (11 bytes)
1759435260.242898 sending message 112 to peer 0x558becf588c0 (12 bytes)
1759435260.242910 sending message 112 to peer 0x558becf588c0 (12 bytes)
1759435260.242921 sending message 112 to peer 0x558becf588c0 (12 bytes)
1759435260.242932 sending message 112 to peer 0x558becf588c0 (12 bytes)
1759435260.242943 sending message 112 to peer 0x558becf588c0 (12 bytes)
1759435260.242955 sending message 112 to peer 0x558becf588c0 (9 bytes)
1759435260.242966 sending message 112 to peer 0x558becf588c0 (12 bytes)
1759435260.242976 sending message 112 to peer 0x558becf588c0 (13 bytes)
1759435260.242988 sending message 112 to peer 0x558becf588c0 (13 bytes)
1759435260.242999 sending message 112 to peer 0x558becf588c0 (13 bytes)
1759435260.243013 sending message 112 to peer 0x558becf588c0 (13 bytes)
1759435260.243024 sending message 112 to peer 0x558becf588c0 (13 bytes)
1759435260.243035 sending message 112 to peer 0x558becf588c0 (8 bytes)
1759435260.243046 sending message 112 to peer 0x558becf588c0 (11 bytes)
1759435260.243058 sending message 112 to peer 0x558becf588c0 (11 bytes)
1759435260.243071 sending message 112 to peer 0x558becf588c0 (11 bytes)
1759435260.243083 sending message 112 to peer 0x558becf588c0 (12 bytes)
1759435260.243095 sending message 112 to peer 0x558becf588c0 (12 bytes)
1759435260.243106 sending message 112 to peer 0x558becf588c0 (13 bytes)
1759435260.243118 sending message 112 to peer 0x558becf588c0 (12 bytes)
1759435260.243130 sending message 112 to peer 0x558becf588c0 (13 bytes)
1759435260.243142 sending message 112 to peer 0x558becf588c0 (13 bytes)
1759435260.243153 sending message 112 to peer 0x558becf588c0 (13 bytes)
1759435260.243165 sending message 112 to peer 0x558becf588c0 (8 bytes)
1759435260.243177 sending message 112 to peer 0x558becf588c0 (13 bytes)
1759435260.243188 sending message 112 to peer 0x558becf588c0 (13 bytes)
1759435260.243199 sending message 112 to peer 0x558becf588c0 (13 bytes)
1759435260.243211 sending message 112 to peer 0x558becf588c0 (13 bytes)
1759435260.243223 sending message 112 to peer 0x558becf588c0 (13 bytes)
1759435260.243235 sending message 112 to peer 0x558becf588c0 (12 bytes)
1759435260.243246 sending message 112 to peer 0x558becf588c0 (12 bytes)
1759435260.243258 sending message 112 to peer 0x558becf588c0 (13 bytes)
1759435260.243269 sending message 112 to peer 0x558becf588c0 (12 bytes)
1759435260.243281 sending message 112 to peer 0x558becf588c0 (13 bytes)
1759435260.243292 sending message 112 to peer 0x558becf588c0 (8 bytes)
1759435260.243305 sending message 112 to peer 0x558becf588c0 (13 bytes)
1759435260.243316 sending message 112 to peer 0x558becf588c0 (13 bytes)
1759435260.243328 sending message 112 to peer 0x558becf588c0 (13 bytes)
1759435260.243338 sending message 112 to peer 0x558becf588c0 (13 bytes)
1759435260.243348 sending message 112 to peer 0x558becf588c0 (13 bytes)
1759435260.243357 sending message 112 to peer 0x558becf588c0 (13 bytes)
1759435260.243366 sending message 112 to peer 0x558becf588c0 (13 bytes)
1759435260.243378 sending message 112 to peer 0x558becf588c0 (12 bytes)
1759435260.243388 sending message 112 to peer 0x558becf588c0 (12 bytes)
1759435260.243398 sending message 112 to peer 0x558becf588c0 (13 bytes)
1759435260.243408 sending message 112 to peer 0x558becf588c0 (8 bytes)
1759435260.243418 sending message 112 to peer 0x558becf588c0 (12 bytes)
1759435260.243441 sending message 112 to peer 0x558becf588c0 (13 bytes)
1759435260.243457 sending message 112 to peer 0x558becf588c0 (13 bytes)
1759435260.243468 sending message 112 to peer 0x558becf588c0 (13 bytes)
1759435260.243477 sending message 112 to peer 0x558becf588c0 (13 bytes)
1759435260.243487 sending message 112 to peer 0x558becf588c0 (13 bytes)
1759435260.243498 sending message 112 to peer 0x558becf588c0 (13 bytes)
1759435260.243509 sending message 112 to peer 0x558becf588c0 (13 bytes)
1759435260.243519 sending message 112 to peer 0x558becf588c0 (13 bytes)
1759435260.243529 sending message 112 to peer 0x558becf588c0 (12 bytes)
1759435260.243593 sending message 112 to peer 0x558becf588c0 (10 bytes)
1759435260.243605 sending message 112 to peer 0x558becf588c0 (12 bytes)
1759435260.243615 sending message 112 to peer 0x558becf588c0 (13 bytes)
1759435260.243626 sending message 112 to peer 0x558becf588c0 (12 bytes)
1759435260.243637 sending message 112 to peer 0x558becf588c0 (13 bytes)
1759435260.243647 sending message 112 to peer 0x558becf588c0 (13 bytes)
1759435260.243657 sending message 112 to peer 0x558becf588c0 (13 bytes)
1759435260.243666 sending message 112 to peer 0x558becf588c0 (13 bytes)
1759435260.243676 sending message 112 to peer 0x558becf588c0 (13 bytes)
1759435260.243687 sending message 112 to peer 0x558becf588c0 (13 bytes)
1759435260.243697 sending message 112 to peer 0x558becf588c0 (13 bytes)
1759435260.243707 sending message 112 to peer 0x558becf588c0 (10 bytes)
1759435260.243718 sending message 112 to peer 0x558becf588c0 (13 bytes)
1759435260.243728 sending message 112 to peer 0x558becf588c0 (12 bytes)
1759435260.243738 sending message 112 to peer 0x558becf588c0 (12 bytes)
1759435260.243748 sending message 112 to peer 0x558becf588c0 (13 bytes)
1759435260.243757 sending message 112 to peer 0x558becf588c0 (10 bytes)
1759435260.243768 sending message 112 to peer 0x558becf588c0 (10 bytes)
1759435260.243777 sending message 112 to peer 0x558becf588c0 (10 bytes)
1759435260.243787 sending message 112 to peer 0x558becf588c0 (12 bytes)
1759435260.243795 sending message 112 to peer 0x558becf588c0 (13 bytes)
1759435260.243804 sending message 112 to peer 0x558becf588c0 (13 bytes)
1759435260.243813 sending message 112 to peer 0x558becf588c0 (13 bytes)
1759435260.243822 sending message 112 to peer 0x558becf588c0 (13 bytes)
1759435260.243832 sending message 112 to peer 0x558becf588c0 (13 bytes)
1759435260.243842 sending message 112 to peer 0x558becf588c0 (10 bytes)
1759435260.243851 sending message 112 to peer 0x558becf588c0 (11 bytes)
1759435260.243862 sending message 112 to peer 0x558becf588c0 (12 bytes)
1759435260.243873 sending message 112 to peer 0x558becf588c0 (12 bytes)
1759435260.243884 sending message 112 to peer 0x558becf588c0 (12 bytes)
1759435260.243894 sending message 112 to peer 0x558becf588c0 (12 bytes)
1759435260.243903 sending message 112 to peer 0x558becf588c0 (12 bytes)
1759435260.243914 sending message 112 to peer 0x558becf588c0 (11 bytes)
1759435260.243923 sending message 112 to peer 0x558becf588c0 (12 bytes)
1759435260.243933 sending message 112 to peer 0x558becf588c0 (12 bytes)
1759435260.243943 sending message 112 to peer 0x558becf588c0 (13 bytes)
1759435260.243953 sending message 112 to peer 0x558becf588c0 (13 bytes)
1759435260.243964 sending message 112 to peer 0x558becf588c0 (13 bytes)
1759435260.243975 sending message 112 to peer 0x558becf588c0 (13 bytes)
1759435260.243986 sending message 112 to peer 0x558becf588c0 (13 bytes)
1759435260.243996 sending message 112 to peer 0x558becf588c0 (10 bytes)
1759435260.244009 sending message 112 to peer 0x558becf588c0 (9 bytes)
1759435260.244020 sending message 112 to peer 0x558becf588c0 (12 bytes)
1759435260.244032 sending message 112 to peer 0x558becf588c0 (13 bytes)
1759435260.244043 sending message 112 to peer 0x558becf588c0 (13 bytes)
1759435260.244054 sending message 112 to peer 0x558becf588c0 (13 bytes)
1759435260.244064 sending message 112 to peer 0x558becf588c0 (13 bytes)
1759435260.244076 sending message 112 to peer 0x558becf588c0 (13 bytes)
1759435260.244098 sending message 112 to peer 0x558becf588c0 (9 bytes)
1759435260.244114 sending message 112 to peer 0x558becf588c0 (12 bytes)
1759435260.244126 sending message 112 to peer 0x558becf588c0 (13 bytes)
1759435260.244138 sending message 112 to peer 0x558becf588c0 (13 bytes)
1759435260.244150 sending message 112 to peer 0x558becf588c0 (13 bytes)
1759435260.244161 sending message 112 to peer 0x558becf588c0 (13 bytes)
1759435260.244172 sending message 112 to peer 0x558becf588c0 (13 bytes)
1759435260.244183 sending message 112 to peer 0x558becf588c0 (11 bytes)
1759435260.244194 sending message 112 to peer 0x558becf588c0 (12 bytes)
1759435260.244206 sending message 112 to peer 0x558becf588c0 (13 bytes)
1759435260.244215 sending message 112 to peer 0x558becf588c0 (13 bytes)
1759435260.244225 sending message 112 to peer 0x558becf588c0 (13 bytes)
1759435260.244236 sending message 112 to peer 0x558becf588c0 (13 bytes)
1759435260.244246 sending message 112 to peer 0x558becf588c0 (13 bytes)
1759435260.244255 sending message 112 to peer 0x558becf588c0 (11 bytes)
1759435260.244264 sending message 112 to peer 0x558becf588c0 (12 bytes)
1759435260.244273 sending message 112 to peer 0x558becf588c0 (12 bytes)
1759435260.244284 sending message 112 to peer 0x558becf588c0 (12 bytes)
1759435260.244294 sending message 112 to peer 0x558becf588c0 (12 bytes)
1759435260.244305 sending message 112 to peer 0x558becf588c0 (12 bytes)
1759435260.244316 sending message 112 to peer 0x558becf588c0 (22 bytes)
1759435260.244325 sending message 112 to peer 0x558becf588c0 (12 bytes)
1759435260.244336 sending message 112 to peer 0x558becf588c0 (9 bytes)
1759435260.244344 sending message 112 to peer 0x558becf588c0 (6 bytes)
1759435260.244354 sending message 112 to peer 0x558becf588c0 (13 bytes)
1759435260.244365 sending message 112 to peer 0x558becf588c0 (10 bytes)
1759435260.244374 sending message 112 to peer 0x558becf588c0 (15 bytes)
1759435260.244384 sending message 112 to peer 0x558becf588c0 (11 bytes)
1759435260.244394 sending message 112 to peer 0x558becf588c0 (9 bytes)
1759435260.244405 sending message 112 to peer 0x558becf588c0 (70 bytes)
1759435260.244415 sending message 112 to peer 0x558becf588c0 (69 bytes)
1759435260.244425 sending message 112 to peer 0x558becf588c0 (34 bytes)
1759435260.244435 sending message 112 to peer 0x558becf588c0 (34 bytes)
1759435260.244444 sending message 112 to peer 0x558becf588c0 (69 bytes)
1759435260.244455 sending message 112 to peer 0x558becf588c0 (12 bytes)
1759435260.244466 sending message 112 to peer 0x558becf588c0 (10 bytes)
1759435260.244478 sending message 112 to peer 0x558becf588c0 (10 bytes)
1759435260.244488 sending message 112 to peer 0x558becf588c0 (15 bytes)
1759435260.244497 sending message 112 to peer 0x558becf588c0 (11 bytes)
1759435260.244507 sending message 112 to peer 0x558becf588c0 (10 bytes)
1759435260.244516 sending message 112 to peer 0x558becf588c0 (10 bytes)
1759435260.244526 sending message 112 to peer 0x558becf588c0 (17 bytes)
1759435260.244546 sending message 112 to peer 0x558becf588c0 (10 bytes)
1759435260.244557 sending message 112 to peer 0x558becf588c0 (13 bytes)
1759435260.244566 sending message 112 to peer 0x558becf588c0 (17 bytes)
1759435260.244576 sending message 112 to peer 0x558becf588c0 (5 bytes)
1759435260.244585 sending message 112 to peer 0x558becf588c0 (9 bytes)
1759435260.244594 sending message 112 to peer 0x558becf588c0 (15 bytes)
1759435260.244604 sending message 104 to peer 0x558becf588c0 (0 bytes)
1759435260.244613 sending message 110 to peer 0x558becf588c0 (0 bytes)
1759435260.244623 sending message 107 to peer 0x558becf588c0 (4 bytes)
1759435260.244632 sending message 105 to peer 0x558becf588c0 (20 bytes)
1759435260.244641 sending message 105 to peer 0x558becf588c0 (20 bytes)
1759435260.244649 sending message 105 to peer 0x558becf588c0 (23 bytes)
1759435260.244659 sending message 105 to peer 0x558becf588c0 (22 bytes)
1759435260.244668 sending message 105 to peer 0x558becf588c0 (25 bytes)
1759435260.244676 sending message 105 to peer 0x558becf588c0 (10 bytes)
1759435260.244694 sending message 105 to peer 0x558becf588c0 (26 bytes)
1759435260.244708 sending message 105 to peer 0x558becf588c0 (20 bytes)
1759435260.244718 sending message 105 to peer 0x558becf588c0 (25 bytes)
1759435260.244728 sending message 105 to peer 0x558becf588c0 (47 bytes)
1759435260.244737 sending message 105 to peer 0x558becf588c0 (38 bytes)
1759435260.244747 sending message 105 to peer 0x558becf588c0 (35 bytes)
1759435260.244757 sending message 105 to peer 0x558becf588c0 (51 bytes)
1759435260.244766 sending message 105 to peer 0x558becf588c0 (35 bytes)
1759435260.244776 sending message 105 to peer 0x558becf588c0 (16 bytes)
1759435260.244787 sending message 105 to peer 0x558becf588c0 (64 bytes)
1759435260.244796 sending message 105 to peer 0x558becf588c0 (16 bytes)
1759435260.244805 sending message 105 to peer 0x558becf588c0 (11 bytes)
1759435260.244813 sending message 105 to peer 0x558becf588c0 (15 bytes)
1759435260.244821 sending message 105 to peer 0x558becf588c0 (24 bytes)
1759435260.244830 sending message 105 to peer 0x558becf588c0 (13 bytes)
1759435260.244839 sending message 105 to peer 0x558becf588c0 (29 bytes)
1759435260.244849 sending message 105 to peer 0x558becf588c0 (25 bytes)
1759435260.244857 sending message 105 to peer 0x558becf588c0 (22 bytes)
1759435260.244866 sending message 105 to peer 0x558becf588c0 (60 bytes)
1759435260.244876 sending message 105 to peer 0x558becf588c0 (31 bytes)
1759435260.244885 sending message 105 to peer 0x558becf588c0 (15 bytes)
1759435260.244895 sending message 105 to peer 0x558becf588c0 (33 bytes)
1759435260.244904 sending message 105 to peer 0x558becf588c0 (59 bytes)
1759435260.244914 sending message 105 to peer 0x558becf588c0 (16 bytes)
1759435260.244922 sending message 105 to peer 0x558becf588c0 (17 bytes)
1759435260.244931 sending message 105 to peer 0x558becf588c0 (30 bytes)
1759435260.244939 sending message 105 to peer 0x558becf588c0 (29 bytes)
1759435260.244948 sending message 105 to peer 0x558becf588c0 (150 bytes)
1759435260.244958 sending message 105 to peer 0x558becf588c0 (28 bytes)
1759435260.244968 sending message 105 to peer 0x558becf588c0 (26 bytes)
1759435260.244978 sending message 105 to peer 0x558becf588c0 (18 bytes)
1759435260.244987 sending message 105 to peer 0x558becf588c0 (47 bytes)
1759435260.244995 sending message 105 to peer 0x558becf588c0 (16 bytes)
1759435260.245005 sending message 105 to peer 0x558becf588c0 (47 bytes)
1759435260.245013 sending message 105 to peer 0x558becf588c0 (33 bytes)
1759435260.245023 sending message 105 to peer 0x558becf588c0 (23 bytes)
1759435260.245034 sending message 105 to peer 0x558becf588c0 (33 bytes)
1759435260.245044 sending message 105 to peer 0x558becf588c0 (17 bytes)
1759435260.245055 sending message 105 to peer 0x558becf588c0 (10 bytes)
1759435260.245066 sending message 105 to peer 0x558becf588c0 (91 bytes)
1759435260.245077 sending message 105 to peer 0x558becf588c0 (11 bytes)
1759435260.245088 sending message 105 to peer 0x558becf588c0 (45 bytes)
1759435260.245097 sending message 105 to peer 0x558becf588c0 (11 bytes)
1759435260.245107 sending message 105 to peer 0x558becf588c0 (8 bytes)
1759435260.245115 sending message 105 to peer 0x558becf588c0 (21 bytes)
1759435260.245123 sending message 105 to peer 0x558becf588c0 (11 bytes)
1759435260.245131 sending message 105 to peer 0x558becf588c0 (18 bytes)
1759435260.245139 sending message 105 to peer 0x558becf588c0 (20 bytes)
1759435260.245148 sending message 105 to peer 0x558becf588c0 (39 bytes)
1759435260.245158 sending message 105 to peer 0x558becf588c0 (29 bytes)
1759435260.245167 sending message 105 to peer 0x558becf588c0 (32 bytes)
1759435260.245174 sending message 105 to peer 0x558becf588c0 (29 bytes)
1759435260.245181 sending message 105 to peer 0x558becf588c0 (50 bytes)
1759435260.245188 sending message 105 to peer 0x558becf588c0 (40 bytes)
1759435260.245195 sending message 105 to peer 0x558becf588c0 (39 bytes)
1759435260.245201 sending message 105 to peer 0x558becf588c0 (23 bytes)
1759435260.245208 sending message 105 to peer 0x558becf588c0 (36 bytes)
1759435260.245226 sending message 105 to peer 0x558becf588c0 (42 bytes)
1759435260.245240 sending message 105 to peer 0x558becf588c0 (20 bytes)
1759435260.245248 sending message 105 to peer 0x558becf588c0 (413 bytes)
1759435260.245257 sending message 105 to peer 0x558becf588c0 (14 bytes)
1759435260.245264 sending message 105 to peer 0x558becf588c0 (55 bytes)
1759435260.245274 sending message 105 to peer 0x558becf588c0 (26 bytes)
1759435260.245285 sending message 105 to peer 0x558becf588c0 (124 bytes)
1759435260.245294 sending message 105 to peer 0x558becf588c0 (16 bytes)
1759435260.245303 sending message 105 to peer 0x558becf588c0 (38 bytes)
1759435260.245311 sending message 105 to peer 0x558becf588c0 (38 bytes)
1759435260.245320 sending message 105 to peer 0x558becf588c0 (18 bytes)
1759435260.245327 sending message 105 to peer 0x558becf588c0 (19 bytes)
1759435260.245336 sending message 105 to peer 0x558becf588c0 (17 bytes)
1759435260.245345 sending message 106 to peer 0x558becf588c0 (0 bytes)
1759435260.245512 sending message 200 to peer 0x558becf588c0 (4 bytes)
1759435260.245524 client loop enter
1759435260.245574 client_signal: Child exited
1759435260.278071 peer 0x558becf588c0 message 207
1759435260.278091 sending message 208 to peer 0x558becf588c0 (0 bytes)
1759435262.474561 peer 0x558becf588c0 message 203
1759435262.474638 sending message 205 to peer 0x558becf588c0 (0 bytes)
1759435262.475600 peer 0x558becf588c0 message 204
1759435262.475639 client loop exit
